<?xml version="1.0" encoding="UTF-8"?>
<!-- Generated by org.testng.reporters.JUnitReportReporter -->
<testsuite hostname="pradeep" name="POCS.Test1" tests="3" failures="0" timestamp="21 Sep 2016 12:23:59 GMT" time="0.353" errors="0">
  <testcase name="t1" time="0.003" classname="POCS.Test1"/>
  <testcase name="t2" time="0.003" classname="POCS.Test1"/>
  <testcase name="setUp" time="0.347" classname="POCS.Test1"/>
</testsuite> <!-- POCS.Test1 -->
